<?xml version="1.0" encoding="UTF-8"?>
<!-- Generated by org.testng.reporters.JUnitReportReporter -->
<testsuite skipped="0" hostname="Nishant1996" name="Star_Pattern.asss" tests="3" failures="0" timestamp="2021-05-05T11:26:46 IST" time="0.015" errors="0">
  <testcase name="abdde" time="0.002" classname="Star_Pattern.asss"/>
  <system-out/>
  <testcase name="xyz" time="0.002" classname="Star_Pattern.asss"/>
  <system-out/>
  <testcase name="abc" time="0.011" classname="Star_Pattern.asss"/>
  <system-out/>
</testsuite> <!-- Star_Pattern.asss -->
